<?xml version="1.0" encoding="UTF-8"?>
<!-- Generated by org.testng.reporters.JUnitReportReporter -->
<testsuite hostname="DESKTOP-B39B0CL" failures="0" tests="1" name="test_cases.Tc_001_AccountRegistration" time="7.321" errors="0" timestamp="2023-09-15T17:27:06 IST" skipped="0">
  <testcase classname="test_cases.Tc_001_AccountRegistration" name="testaccountregistration" time="7.321"/>
  <system-out/>
</testsuite> <!-- test_cases.Tc_001_AccountRegistration -->
