<?xml version="1.0" encoding="UTF-8"?>
<!-- Generated by org.testng.reporters.JUnitReportReporter -->
<testsuite hostname="DESKTOP-B39B0CL" failures="0" tests="1" name="test_cases.Tc_002_testLogin" time="7.810" errors="0" timestamp="2023-09-15T17:47:06 IST" skipped="0">
  <testcase classname="test_cases.Tc_002_testLogin" name="testfunction" time="7.810"/>
</testsuite> <!-- test_cases.Tc_002_testLogin -->
